TN:
SF:src/index.ts
FN:5,(anonymous_4)
FN:5,(anonymous_5)
FN:6,(anonymous_6)
FN:7,(anonymous_7)
FN:8,(anonymous_8)
FN:9,(anonymous_9)
FNF:6
FNH:1
FNDA:0,(anonymous_4)
FNDA:0,(anonymous_5)
FNDA:26,(anonymous_6)
FNDA:0,(anonymous_7)
FNDA:0,(anonymous_8)
FNDA:0,(anonymous_9)
DA:3,2
DA:5,2
DA:6,28
DA:7,2
DA:8,2
DA:9,2
LF:6
LH:6
BRF:0
BRH:0
end_of_record
TN:
SF:src/engine/backtracking-solver.ts
FN:8,(anonymous_0)
FN:12,(anonymous_1)
FN:52,(anonymous_2)
FN:69,(anonymous_3)
FN:72,(anonymous_4)
FN:78,(anonymous_5)
FN:81,(anonymous_6)
FN:86,(anonymous_7)
FN:88,(anonymous_8)
FN:88,(anonymous_9)
FN:89,(anonymous_10)
FNF:11
FNH:11
FNDA:22,(anonymous_0)
FNDA:124,(anonymous_1)
FNDA:315,(anonymous_2)
FNDA:102,(anonymous_3)
FNDA:688,(anonymous_4)
FNDA:124,(anonymous_5)
FNDA:449,(anonymous_6)
FNDA:22,(anonymous_7)
FNDA:29,(anonymous_8)
FNDA:93,(anonymous_9)
FNDA:113,(anonymous_10)
DA:4,2
DA:9,22
DA:10,22
DA:12,22
DA:17,124
DA:19,124
DA:20,37
DA:21,37
DA:24,124
DA:25,315
DA:28,315
DA:30,102
DA:34,102
DA:37,102
DA:40,102
DA:45,22
DA:47,22
DA:49,22
DA:53,315
DA:54,315
DA:55,1365
DA:58,315
DA:59,315
DA:60,1017
DA:63,315
DA:64,648
DA:66,102
DA:70,102
DA:71,102
DA:72,688
DA:73,317
DA:75,102
DA:79,124
DA:80,124
DA:81,449
DA:83,124
DA:87,22
DA:88,93
DA:89,113
LF:39
LH:39
BRDA:19,0,0,37
BRDA:19,0,1,87
BRDA:28,1,0,102
BRDA:28,1,1,213
BRDA:55,2,0,0
BRDA:55,2,1,1365
BRDA:55,3,0,1365
BRDA:55,3,1,1365
BRDA:60,4,0,0
BRDA:60,4,1,1017
BRDA:60,5,0,1017
BRDA:60,5,1,1017
BRDA:64,6,0,213
BRDA:64,6,1,435
BRDA:64,7,0,435
BRDA:64,7,1,213
BRDA:64,8,0,648
BRDA:64,8,1,648
BRDA:73,9,0,317
BRDA:73,9,1,0
BRF:20
BRH:17
end_of_record
TN:
SF:src/engine/meld-generator.ts
FN:10,(anonymous_0)
FN:17,(anonymous_1)
FN:31,(anonymous_2)
FN:54,(anonymous_3)
FN:60,(anonymous_4)
FN:66,(anonymous_5)
FN:74,(anonymous_6)
FN:80,(anonymous_7)
FN:94,(anonymous_8)
FN:97,(anonymous_9)
FN:106,(anonymous_10)
FN:118,(anonymous_11)
FN:128,(anonymous_12)
FN:139,(anonymous_13)
FN:147,(anonymous_14)
FN:161,(anonymous_15)
FN:186,(anonymous_16)
FN:211,(anonymous_17)
FN:220,(anonymous_18)
FN:222,(anonymous_19)
FN:227,(anonymous_20)
FN:256,(anonymous_21)
FN:258,(anonymous_22)
FN:273,(anonymous_23)
FN:276,(anonymous_24)
FN:278,(anonymous_25)
FN:279,(anonymous_26)
FNF:27
FNH:23
FNDA:2,(anonymous_0)
FNDA:22,(anonymous_1)
FNDA:22,(anonymous_2)
FNDA:288,(anonymous_3)
FNDA:21,(anonymous_4)
FNDA:24,(anonymous_5)
FNDA:0,(anonymous_6)
FNDA:0,(anonymous_7)
FNDA:8,(anonymous_8)
FNDA:4,(anonymous_9)
FNDA:12,(anonymous_10)
FNDA:16,(anonymous_11)
FNDA:36,(anonymous_12)
FNDA:0,(anonymous_13)
FNDA:0,(anonymous_14)
FNDA:22,(anonymous_15)
FNDA:87,(anonymous_16)
FNDA:96,(anonymous_17)
FNDA:337,(anonymous_18)
FNDA:152,(anonymous_19)
FNDA:152,(anonymous_20)
FNDA:13,(anonymous_21)
FNDA:92,(anonymous_22)
FNDA:9,(anonymous_23)
FNDA:25,(anonymous_24)
FNDA:27,(anonymous_25)
FNDA:28,(anonymous_26)
DA:5,2
DA:7,2
DA:11,2
DA:22,22
DA:23,22
DA:24,22
DA:25,22
DA:32,22
DA:33,22
DA:36,22
DA:37,22
DA:38,102
DA:39,72
DA:41,102
DA:45,22
DA:47,72
DA:48,72
DA:49,102
DA:50,102
DA:53,72
DA:54,288
DA:57,72
DA:58,7
DA:59,7
DA:60,21
DA:61,7
DA:63,7
DA:64,8
DA:65,8
DA:66,24
DA:67,8
DA:73,7
DA:74,0
DA:75,0
DA:77,0
DA:78,0
DA:79,0
DA:80,0
DA:81,0
DA:88,72
DA:90,16
DA:91,2
DA:92,2
DA:93,2
DA:94,8
DA:95,2
DA:97,4
DA:98,2
DA:100,2
DA:101,2
DA:102,4
DA:103,4
DA:104,4
DA:105,4
DA:106,12
DA:107,4
DA:115,16
DA:116,4
DA:117,4
DA:118,16
DA:119,4
DA:121,4
DA:122,12
DA:123,12
DA:124,12
DA:125,12
DA:126,12
DA:127,12
DA:128,36
DA:129,12
DA:137,16
DA:138,0
DA:139,0
DA:140,0
DA:142,0
DA:143,0
DA:144,0
DA:145,0
DA:146,0
DA:147,0
DA:148,0
DA:155,22
DA:162,22
DA:163,22
DA:165,22
DA:166,22
DA:167,102
DA:168,42
DA:170,102
DA:173,22
DA:174,42
DA:175,42
DA:176,102
DA:177,102
DA:180,42
DA:181,42
DA:182,8
DA:183,8
DA:186,87
DA:188,42
DA:189,104
DA:190,104
DA:192,96
DA:204,22
DA:220,96
DA:221,337
DA:222,152
DA:226,47
DA:227,152
DA:228,47
DA:232,337
DA:234,329
DA:236,329
DA:237,174
DA:238,174
DA:239,192
DA:243,329
DA:244,49
DA:249,49
DA:253,96
DA:257,13
DA:258,13
DA:259,92
DA:260,21
DA:261,21
DA:263,71
DA:264,79
DA:265,79
DA:266,79
DA:269,13
DA:270,13
DA:274,9
DA:275,9
DA:277,25
DA:278,25
DA:279,27
DA:280,28
DA:283,25
LF:138
LH:121
BRDA:38,0,0,72
BRDA:38,0,1,30
BRDA:49,1,0,96
BRDA:49,1,1,6
BRDA:57,2,0,7
BRDA:57,2,1,65
BRDA:65,3,0,8
BRDA:65,3,1,0
BRDA:73,4,0,0
BRDA:73,4,1,7
BRDA:79,5,0,0
BRDA:79,5,1,0
BRDA:88,6,0,16
BRDA:88,6,1,56
BRDA:90,7,0,2
BRDA:90,7,1,14
BRDA:90,8,0,16
BRDA:90,8,1,2
BRDA:95,9,0,0
BRDA:95,9,1,2
BRDA:105,10,0,4
BRDA:105,10,1,0
BRDA:115,11,0,4
BRDA:115,11,1,12
BRDA:115,12,0,16
BRDA:115,12,1,16
BRDA:127,13,0,12
BRDA:127,13,1,0
BRDA:137,14,0,0
BRDA:137,14,1,16
BRDA:137,15,0,16
BRDA:137,15,1,0
BRDA:146,16,0,0
BRDA:146,16,1,0
BRDA:167,17,0,42
BRDA:167,17,1,60
BRDA:176,18,0,96
BRDA:176,18,1,6
BRDA:181,19,0,8
BRDA:181,19,1,34
BRDA:190,20,0,8
BRDA:190,20,1,96
BRDA:221,21,0,47
BRDA:221,21,1,290
BRDA:224,22,0,0
BRDA:224,22,1,152
BRDA:226,23,0,47
BRDA:226,23,1,0
BRDA:232,24,0,8
BRDA:232,24,1,329
BRDA:234,25,0,13
BRDA:234,25,1,316
BRDA:236,26,0,174
BRDA:236,26,1,155
BRDA:243,27,0,49
BRDA:243,27,1,280
BRDA:243,28,0,329
BRDA:243,28,1,49
BRDA:259,29,0,21
BRDA:259,29,1,71
BRDA:274,30,0,0
BRDA:274,30,1,9
BRF:62
BRH:48
end_of_record
TN:
SF:src/engine/pair-finder.ts
FN:8,(anonymous_0)
FN:14,(anonymous_1)
FN:18,(anonymous_2)
FN:63,(anonymous_3)
FN:67,(anonymous_4)
FN:68,(anonymous_5)
FNF:6
FNH:6
FNDA:4,(anonymous_0)
FNDA:14,(anonymous_1)
FNDA:14,(anonymous_2)
FNDA:35,(anonymous_3)
FNDA:1,(anonymous_4)
FNDA:14,(anonymous_5)
DA:4,2
DA:12,4
DA:13,4
DA:14,14
DA:16,4
DA:18,14
DA:22,4
DA:23,4
DA:26,4
DA:27,34
DA:28,19
DA:29,16
DA:30,16
DA:34,15
DA:35,15
DA:36,15
DA:37,15
DA:43,4
DA:44,4
DA:45,34
DA:46,4
DA:47,1
DA:48,1
DA:49,1
DA:50,1
DA:55,4
DA:56,0
DA:57,0
DA:58,0
DA:59,0
DA:60,0
DA:63,35
DA:64,4
DA:68,1
DA:69,14
DA:70,0
DA:72,14
LF:37
LH:31
BRDA:12,0,0,1
BRDA:12,0,1,3
BRDA:13,1,0,1
BRDA:13,1,1,3
BRDA:14,2,0,14
BRDA:14,2,1,3
BRDA:16,3,0,1
BRDA:16,3,1,3
BRDA:18,4,0,14
BRDA:18,4,1,3
BRDA:27,5,0,15
BRDA:27,5,1,19
BRDA:29,6,0,0
BRDA:29,6,1,16
BRDA:30,7,0,15
BRDA:30,7,1,1
BRDA:31,8,0,16
BRDA:31,8,1,15
BRDA:45,9,0,30
BRDA:45,9,1,4
BRDA:46,10,0,1
BRDA:46,10,1,3
BRDA:69,11,0,0
BRDA:69,11,1,14
BRF:24
BRH:22
end_of_record
TN:
SF:src/engine/solver.ts
FN:14,(anonymous_0)
FN:25,(anonymous_1)
FN:31,(anonymous_2)
FN:35,(anonymous_3)
FN:57,(anonymous_4)
FN:64,(anonymous_5)
FN:65,(anonymous_6)
FN:79,(anonymous_7)
FN:83,(anonymous_8)
FNF:9
FNH:9
FNDA:2,(anonymous_0)
FNDA:22,(anonymous_1)
FNDA:29,(anonymous_2)
FNDA:29,(anonymous_3)
FNDA:4,(anonymous_4)
FNDA:9,(anonymous_5)
FNDA:29,(anonymous_6)
FNDA:22,(anonymous_7)
FNDA:4,(anonymous_8)
DA:3,2
DA:5,2
DA:6,2
DA:7,2
DA:9,2
DA:15,2
DA:16,2
DA:17,2
DA:27,22
DA:30,22
DA:31,29
DA:33,22
DA:35,29
DA:40,22
DA:47,22
DA:61,4
DA:65,9
DA:66,29
DA:67,2
DA:69,27
DA:77,2
DA:80,22
DA:87,4
LF:23
LH:23
BRDA:14,0,0,2
BRDA:27,1,0,9
BRDA:27,1,1,13
BRDA:30,2,0,9
BRDA:30,2,1,13
BRDA:31,3,0,29
BRDA:31,3,1,24
BRDA:33,4,0,9
BRDA:33,4,1,13
BRDA:35,5,0,29
BRDA:35,5,1,24
BRDA:66,6,0,2
BRDA:66,6,1,27
BRF:13
BRH:13
end_of_record
TN:
SF:src/rules/validator.ts
FN:9,(anonymous_0)
FN:28,(anonymous_1)
FN:34,(anonymous_2)
FN:71,(anonymous_3)
FN:81,(anonymous_4)
FN:90,(anonymous_5)
FN:101,(anonymous_6)
FN:102,(anonymous_7)
FN:110,(anonymous_8)
FN:114,(anonymous_9)
FN:118,(anonymous_10)
FN:122,(anonymous_11)
FN:126,(anonymous_12)
FN:130,(anonymous_13)
FNF:14
FNH:7
FNDA:71,(anonymous_0)
FNDA:47,(anonymous_1)
FNDA:113,(anonymous_2)
FNDA:71,(anonymous_3)
FNDA:0,(anonymous_4)
FNDA:366,(anonymous_5)
FNDA:116,(anonymous_6)
FNDA:366,(anonymous_7)
FNDA:0,(anonymous_8)
FNDA:0,(anonymous_9)
FNDA:0,(anonymous_10)
FNDA:0,(anonymous_11)
FNDA:0,(anonymous_12)
FNDA:0,(anonymous_13)
DA:5,2
DA:10,71
DA:12,69
DA:13,69
DA:14,69
DA:16,69
DA:17,162
DA:18,117
DA:19,117
DA:22,24
DA:29,47
DA:31,47
DA:34,113
DA:35,47
DA:37,47
DA:38,47
DA:40,47
DA:41,152
DA:43,152
DA:44,105
DA:45,4
DA:47,105
DA:48,0
DA:53,47
DA:56,4
DA:62,4
DA:65,0
DA:72,71
DA:73,47
DA:74,0
DA:75,0
DA:82,0
DA:83,0
DA:84,0
DA:91,366
DA:94,129
DA:95,0
DA:98,129
DA:102,366
DA:107,2
DA:108,2
DA:111,0
DA:115,0
DA:119,0
DA:123,0
DA:127,0
DA:131,0
LF:47
LH:33
BRDA:10,0,0,2
BRDA:10,0,1,69
BRDA:10,1,0,71
BRDA:10,1,1,71
BRDA:17,2,0,45
BRDA:17,2,1,117
BRDA:18,3,0,0
BRDA:18,3,1,117
BRDA:28,4,0,0
BRDA:29,5,0,0
BRDA:29,5,1,47
BRDA:41,6,0,0
BRDA:41,6,1,152
BRDA:43,7,0,105
BRDA:43,7,1,47
BRDA:44,8,0,4
BRDA:44,8,1,101
BRDA:47,9,0,0
BRDA:47,9,1,105
BRDA:47,10,0,105
BRDA:47,10,1,58
BRDA:53,11,0,43
BRDA:53,11,1,4
BRDA:56,12,0,4
BRDA:56,12,1,0
BRDA:57,13,0,4
BRDA:57,13,1,4
BRDA:57,13,2,4
BRDA:57,13,3,4
BRDA:72,14,0,24
BRDA:72,14,1,47
BRDA:73,15,0,47
BRDA:73,15,1,0
BRDA:74,16,0,0
BRDA:74,16,1,0
BRDA:74,17,0,0
BRDA:74,17,1,0
BRDA:84,18,0,0
BRDA:84,18,1,0
BRDA:91,19,0,237
BRDA:91,19,1,129
BRDA:94,20,0,0
BRDA:94,20,1,129
BRDA:114,21,0,0
BRF:44
BRH:29
end_of_record
